0 verbose cli C:\Program Files\nodejs\node.exe C:\Program Files\nodejs\node_modules\npm\bin\npm-cli.js
1 info using npm@11.8.0
2 info using node@v24.13.1
3 silly config load:file:C:\Program Files\nodejs\node_modules\npm\npmrc
4 silly config load:file:C:\Users\Ernela\Projects\combox-app-vue\.npmrc
5 silly config load:file:C:\Users\Ernela\.npmrc
6 silly config load:file:C:\Users\Ernela\AppData\Roaming\npm\etc\npmrc
7 verbose title npm install
8 verbose argv "install" "--ignore-scripts"
9 verbose logfile logs-max:10 dir:C:\Users\Ernela\Projects\combox-app-vue\.npm-cache\_logs\2026-03-10T12_14_49_620Z-
10 verbose logfile C:\Users\Ernela\Projects\combox-app-vue\.npm-cache\_logs\2026-03-10T12_14_49_620Z-debug-0.log
11 silly logfile done cleaning log files
12 silly packumentCache heap:4496293888 maxSize:1124073472 maxEntrySize:562036736
13 silly idealTree buildDeps
14 verbose shrinkwrap failed to load node_modules/.package-lock.json missing from lockfile: ../combox-api/node_modules/typescript
15 silly reify moves {}
16 silly audit bulk request {
16 silly audit   'combox-api': [ '0.1.0' ],
16 silly audit   '@babel/helper-string-parser': [ '7.27.1' ],
16 silly audit   '@babel/helper-validator-identifier': [ '7.28.5' ],
16 silly audit   '@babel/parser': [ '7.29.0' ],
16 silly audit   '@babel/types': [ '7.29.0' ],
16 silly audit   '@discoveryjs/json-ext': [ '0.6.3' ],
16 silly audit   '@esbuild/aix-ppc64': [ '0.27.3' ],
16 silly audit   '@esbuild/android-arm': [ '0.27.3' ],
16 silly audit   '@esbuild/android-arm64': [ '0.27.3' ],
16 silly audit   '@esbuild/android-x64': [ '0.27.3' ],
16 silly audit   '@esbuild/darwin-arm64': [ '0.27.3' ],
16 silly audit   '@esbuild/darwin-x64': [ '0.27.3' ],
16 silly audit   '@esbuild/freebsd-arm64': [ '0.27.3' ],
16 silly audit   '@esbuild/freebsd-x64': [ '0.27.3' ],
16 silly audit   '@esbuild/linux-arm': [ '0.27.3' ],
16 silly audit   '@esbuild/linux-arm64': [ '0.27.3' ],
16 silly audit   '@esbuild/linux-ia32': [ '0.27.3' ],
16 silly audit   '@esbuild/linux-loong64': [ '0.27.3' ],
16 silly audit   '@esbuild/linux-mips64el': [ '0.27.3' ],
16 silly audit   '@esbuild/linux-ppc64': [ '0.27.3' ],
16 silly audit   '@esbuild/linux-riscv64': [ '0.27.3' ],
16 silly audit   '@esbuild/linux-s390x': [ '0.27.3' ],
16 silly audit   '@esbuild/linux-x64': [ '0.27.3' ],
16 silly audit   '@esbuild/netbsd-arm64': [ '0.27.3' ],
16 silly audit   '@esbuild/netbsd-x64': [ '0.27.3' ],
16 silly audit   '@esbuild/openbsd-arm64': [ '0.27.3' ],
16 silly audit   '@esbuild/openbsd-x64': [ '0.27.3' ],
16 silly audit   '@esbuild/openharmony-arm64': [ '0.27.3' ],
16 silly audit   '@esbuild/sunos-x64': [ '0.27.3' ],
16 silly audit   '@esbuild/win32-arm64': [ '0.27.3' ],
16 silly audit   '@esbuild/win32-ia32': [ '0.27.3' ],
16 silly audit   '@esbuild/win32-x64': [ '0.27.3' ],
16 silly audit   '@eslint-community/eslint-utils': [ '4.9.1' ],
16 silly audit   'eslint-visitor-keys': [ '3.4.3', '5.0.1', '4.2.1' ],
16 silly audit   '@eslint-community/regexpp': [ '4.12.2' ],
16 silly audit   '@eslint/config-array': [ '0.21.1' ],
16 silly audit   '@eslint/config-helpers': [ '0.4.2' ],
16 silly audit   '@eslint/core': [ '0.17.0' ],
16 silly audit   '@eslint/eslintrc': [ '3.3.4' ],
16 silly audit   globals: [ '14.0.0', '16.5.0' ],
16 silly audit   '@eslint/js': [ '9.39.3' ],
16 silly audit   '@eslint/object-schema': [ '2.1.7' ],
16 silly audit   '@eslint/plugin-kit': [ '0.4.1' ],
16 silly audit   '@humanfs/core': [ '0.19.1' ],
16 silly audit   '@humanfs/node': [ '0.16.7' ],
16 silly audit   '@humanwhocodes/module-importer': [ '1.0.1' ],
16 silly audit   '@humanwhocodes/retry': [ '0.4.3' ],
16 silly audit   '@jridgewell/gen-mapping': [ '0.3.13' ],
16 silly audit   '@jridgewell/resolve-uri': [ '3.1.2' ],
16 silly audit   '@jridgewell/source-map': [ '0.3.11' ],
16 silly audit   '@jridgewell/sourcemap-codec': [ '1.5.5' ],
16 silly audit   '@jridgewell/trace-mapping': [ '0.3.31' ],
16 silly audit   '@jsonjoy.com/base64': [ '1.1.2', '17.67.0' ],
16 silly audit   '@jsonjoy.com/buffers': [ '17.67.0', '1.2.1' ],
16 silly audit   '@jsonjoy.com/codegen': [ '1.0.0', '17.67.0' ],
16 silly audit   '@jsonjoy.com/fs-core': [ '4.56.11' ],
16 silly audit   '@jsonjoy.com/fs-fsa': [ '4.56.11' ],
16 silly audit   '@jsonjoy.com/fs-node': [ '4.56.11' ],
16 silly audit   '@jsonjoy.com/fs-node-builtins': [ '4.56.11' ],
16 silly audit   '@jsonjoy.com/fs-node-to-fsa': [ '4.56.11' ],
16 silly audit   '@jsonjoy.com/fs-node-utils': [ '4.56.11' ],
16 silly audit   '@jsonjoy.com/fs-print': [ '4.56.11' ],
16 silly audit   '@jsonjoy.com/fs-snapshot': [ '4.56.11' ],
16 silly audit   '@jsonjoy.com/json-pack': [ '17.67.0', '1.21.0' ],
16 silly audit   '@jsonjoy.com/json-pointer': [ '17.67.0', '1.0.2' ],
16 silly audit   '@jsonjoy.com/util': [ '17.67.0', '1.9.0' ],
16 silly audit   '@leichtgewicht/ip-codec': [ '2.0.5' ],
16 silly audit   '@mdi/font': [ '7.4.47' ],
16 silly audit   '@noble/hashes': [ '1.4.0' ],
16 silly audit   '@peculiar/asn1-cms': [ '2.6.1' ],
16 silly audit   '@peculiar/asn1-csr': [ '2.6.1' ],
16 silly audit   '@peculiar/asn1-ecc': [ '2.6.1' ],
16 silly audit   '@peculiar/asn1-pfx': [ '2.6.1' ],
16 silly audit   '@peculiar/asn1-pkcs8': [ '2.6.1' ],
16 silly audit   '@peculiar/asn1-pkcs9': [ '2.6.1' ],
16 silly audit   '@peculiar/asn1-rsa': [ '2.6.1' ],
16 silly audit   '@peculiar/asn1-schema': [ '2.6.0' ],
16 silly audit   '@peculiar/asn1-x509': [ '2.6.1' ],
16 silly audit   '@peculiar/asn1-x509-attr': [ '2.6.1' ],
16 silly audit   '@peculiar/x509': [ '1.14.3' ],
16 silly audit   '@types/body-parser': [ '1.19.6' ],
16 silly audit   '@types/bonjour': [ '3.5.13' ],
16 silly audit   '@types/connect': [ '3.4.38' ],
16 silly audit   '@types/connect-history-api-fallback': [ '1.5.4' ],
16 silly audit   '@types/eslint': [ '9.6.1' ],
16 silly audit   '@types/eslint-scope': [ '3.7.7' ],
16 silly audit   '@types/estree': [ '1.0.8' ],
16 silly audit   '@types/express': [ '4.17.25' ],
16 silly audit   '@types/express-serve-static-core': [ '4.19.8' ],
16 silly audit   '@types/html-minifier-terser': [ '6.1.0' ],
16 silly audit   '@types/http-errors': [ '2.0.5' ],
16 silly audit   '@types/http-proxy': [ '1.17.17' ],
16 silly audit   '@types/json-schema': [ '7.0.15' ],
16 silly audit   '@types/mime': [ '1.3.5' ],
16 silly audit   '@types/node': [ '24.11.0' ],
16 silly audit   '@types/qs': [ '6.14.0' ],
16 silly audit   '@types/range-parser': [ '1.2.7' ],
16 silly audit   '@types/retry': [ '0.12.2' ],
16 silly audit   '@types/send': [ '1.2.1', '0.17.6' ],
16 silly audit   '@types/serve-index': [ '1.9.4' ],
16 silly audit   '@types/serve-static': [ '1.15.10' ],
16 silly audit   '@types/sockjs': [ '0.3.36' ],
16 silly audit   '@types/ws': [ '8.18.1' ],
16 silly audit   '@typescript-eslint/eslint-plugin': [ '8.56.1' ],
16 silly audit   ignore: [ '7.0.5', '5.3.2' ],
16 silly audit   '@typescript-eslint/parser': [ '8.56.1' ],
16 silly audit   '@typescript-eslint/project-service': [ '8.56.1' ],
16 silly audit   '@typescript-eslint/scope-manager': [ '8.56.1' ],
16 silly audit   '@typescript-eslint/tsconfig-utils': [ '8.56.1' ],
16 silly audit   '@typescript-eslint/type-utils': [ '8.56.1' ],
16 silly audit   '@typescript-eslint/types': [ '8.56.1' ],
16 silly audit   '@typescript-eslint/typescript-estree': [ '8.56.1' ],
16 silly audit   'balanced-match': [ '4.0.4', '1.0.2' ],
16 silly audit   'brace-expansion': [ '5.0.4', '1.1.12' ],
16 silly audit   minimatch: [ '10.2.4', '3.1.5' ],
16 silly audit   '@typescript-eslint/utils': [ '8.56.1' ],
16 silly audit   '@typescript-eslint/visitor-keys': [ '8.56.1' ],
16 silly audit   '@vue/compiler-core': [ '3.5.29' ],
16 silly audit   '@vue/compiler-dom': [ '3.5.29' ],
16 silly audit   '@vue/compiler-sfc': [ '3.5.29' ],
16 silly audit   '@vue/compiler-ssr': [ '3.5.29' ],
16 silly audit   '@vue/devtools-api': [ '6.6.4' ],
16 silly audit   '@vue/reactivity': [ '3.5.29' ],
16 silly audit   '@vue/runtime-core': [ '3.5.29' ],
16 silly audit   '@vue/runtime-dom': [ '3.5.29' ],
16 silly audit   '@vue/server-renderer': [ '3.5.29' ],
16 silly audit   '@vue/shared': [ '3.5.29' ],
16 silly audit   '@webassemblyjs/ast': [ '1.14.1' ],
16 silly audit   '@webassemblyjs/floating-point-hex-parser': [ '1.13.2' ],
16 silly audit   '@webassemblyjs/helper-api-error': [ '1.13.2' ],
16 silly audit   '@webassemblyjs/helper-buffer': [ '1.14.1' ],
16 silly audit   '@webassemblyjs/helper-numbers': [ '1.13.2' ],
16 silly audit   '@webassemblyjs/helper-wasm-bytecode': [ '1.13.2' ],
16 silly audit   '@webassemblyjs/helper-wasm-section': [ '1.14.1' ],
16 silly audit   '@webassemblyjs/ieee754': [ '1.13.2' ],
16 silly audit   '@webassemblyjs/leb128': [ '1.13.2' ],
16 silly audit   '@webassemblyjs/utf8': [ '1.13.2' ],
16 silly audit   '@webassemblyjs/wasm-edit': [ '1.14.1' ],
16 silly audit   '@webassemblyjs/wasm-gen': [ '1.14.1' ],
16 silly audit   '@webassemblyjs/wasm-opt': [ '1.14.1' ],
16 silly audit   '@webassemblyjs/wasm-parser': [ '1.14.1' ],
16 silly audit   '@webassemblyjs/wast-printer': [ '1.14.1' ],
16 silly audit   '@webpack-cli/configtest': [ '3.0.1' ],
16 silly audit   '@webpack-cli/info': [ '3.0.1' ],
16 silly audit   '@webpack-cli/serve': [ '3.0.1' ],
16 silly audit   '@xtuc/ieee754': [ '1.2.0' ],
16 silly audit   '@xtuc/long': [ '4.2.2' ],
16 silly audit   '@zeit/schemas': [ '2.36.0' ],
16 silly audit   accepts: [ '1.3.8' ],
16 silly audit   'mime-db': [ '1.52.0', '1.54.0', '1.33.0' ],
16 silly audit   'mime-types': [ '2.1.35', '2.1.18', '3.0.2' ],
16 silly audit   negotiator: [ '0.6.3', '0.6.4' ],
16 silly audit   acorn: [ '8.16.0' ],
16 silly audit   'acorn-import-phases': [ '1.0.4' ],
16 silly audit   'acorn-jsx': [ '5.3.2' ],
16 silly audit   ajv: [ '6.14.0', '8.18.0' ],
16 silly audit   'ajv-formats': [ '2.1.1' ],
16 silly audit   'json-schema-traverse': [ '1.0.0', '0.4.1' ],
16 silly audit   'ansi-align': [ '3.0.1' ],
16 silly audit   'emoji-regex': [ '8.0.0', '9.2.2' ],
16 silly audit   'string-width': [ '4.2.3', '5.1.2' ],
16 silly audit   'ansi-html-community': [ '0.0.8' ],
16 silly audit   'ansi-regex': [ '5.0.1', '6.2.2' ],
16 silly audit   'ansi-styles': [ '4.3.0', '6.2.3' ],
16 silly audit   anymatch: [ '3.1.3' ],
16 silly audit   picomatch: [ '2.3.1', '4.0.3' ],
16 silly audit   arch: [ '2.2.0' ],
16 silly audit   arg: [ '5.0.2' ],
16 silly audit   argparse: [ '2.0.1' ],
16 silly audit   'array-flatten': [ '1.1.1' ],
16 silly audit   asn1js: [ '3.0.7' ],
16 silly audit   'baseline-browser-mapping': [ '2.10.0' ],
16 silly audit   batch: [ '0.6.1' ],
16 silly audit   'big.js': [ '5.2.2' ],
16 silly audit   'binary-extensions': [ '2.3.0' ],
16 silly audit   'body-parser': [ '1.20.4' ],
16 silly audit   debug: [ '2.6.9', '4.4.3' ],
16 silly audit   ms: [ '2.0.0', '2.1.3' ],
16 silly audit   'bonjour-service': [ '1.3.0' ],
16 silly audit   boolbase: [ '1.0.0' ],
16 silly audit   boxen: [ '7.0.0' ],
16 silly audit   chalk: [ '5.6.2', '4.1.2', '5.0.1' ],
16 silly audit   braces: [ '3.0.3' ],
16 silly audit   browserslist: [ '4.28.1' ],
16 silly audit   'buffer-from': [ '1.1.2' ],
16 silly audit   'bundle-name': [ '4.1.0' ],
16 silly audit   bytes: [ '3.1.2', '3.0.0' ],
16 silly audit   bytestreamjs: [ '2.0.1' ],
16 silly audit   'call-bind-apply-helpers': [ '1.0.2' ],
16 silly audit   'call-bound': [ '1.0.4' ],
16 silly audit   callsites: [ '3.1.0' ],
16 silly audit   'camel-case': [ '4.1.2' ],
16 silly audit   camelcase: [ '7.0.1' ],
16 silly audit   'caniuse-lite': [ '1.0.30001776' ],
16 silly audit   'chalk-template': [ '0.4.0' ],
16 silly audit   chokidar: [ '3.6.0' ],
16 silly audit   'glob-parent': [ '5.1.2', '6.0.2' ],
16 silly audit   'chrome-trace-event': [ '1.0.4' ],
16 silly audit   'clean-css': [ '5.3.3' ],
16 silly audit   'cli-boxes': [ '3.0.0' ],
16 silly audit   clipboardy: [ '3.0.0' ],
16 silly audit   'clone-deep': [ '4.0.1' ],
16 silly audit   'color-convert': [ '2.0.1' ],
16 silly audit   'color-name': [ '1.1.4' ],
16 silly audit   colorette: [ '2.0.20' ],
16 silly audit   commander: [ '8.3.0', '2.20.3', '12.1.0' ],
16 silly audit   compressible: [ '2.0.18' ],
16 silly audit   compression: [ '1.8.1' ],
16 silly audit   'concat-map': [ '0.0.1' ],
16 silly audit   'connect-history-api-fallback': [ '2.0.0' ],
16 silly audit   'content-disposition': [ '0.5.2', '0.5.4' ],
16 silly audit   'content-type': [ '1.0.5' ],
16 silly audit   'cookie-signature': [ '1.0.7' ],
16 silly audit   'copy-webpack-plugin': [ '14.0.0' ],
16 silly audit   'core-js': [ '3.48.0' ],
16 silly audit   'core-util-is': [ '1.0.3' ],
16 silly audit   'cross-spawn': [ '7.0.6' ],
16 silly audit   'css-loader': [ '7.1.4' ],
16 silly audit   'css-select': [ '4.3.0' ],
16 silly audit   'css-what': [ '6.2.2' ],
16 silly audit   cssesc: [ '3.0.0' ],
16 silly audit   csstype: [ '3.2.3' ],
16 silly audit   'custom-event-polyfill': [ '1.0.7' ],
16 silly audit   'deep-extend': [ '0.6.0' ],
16 silly audit   'deep-is': [ '0.1.4' ],
16 silly audit   'default-browser': [ '5.5.0' ],
16 silly audit   'default-browser-id': [ '5.0.1' ],
16 silly audit   'define-lazy-prop': [ '3.0.0' ],
16 silly audit   depd: [ '2.0.0', '1.1.2' ],
16 silly audit   destroy: [ '1.2.0' ],
16 silly audit   'detect-node': [ '2.1.0' ],
16 silly audit   'dns-packet': [ '5.6.1' ],
16 silly audit   'dom-converter': [ '0.2.0' ],
16 silly audit   'dom-serializer': [ '1.4.1' ],
16 silly audit   entities: [ '2.2.0', '7.0.1' ],
16 silly audit   domelementtype: [ '2.3.0' ],
16 silly audit   domhandler: [ '4.3.1' ],
16 silly audit   domutils: [ '2.8.0' ],
16 silly audit   'dot-case': [ '3.0.4' ],
16 silly audit   'dunder-proto': [ '1.0.1' ],
16 silly audit   eastasianwidth: [ '0.2.0' ],
16 silly audit   'ee-first': [ '1.1.1' ],
16 silly audit   'electron-to-chromium': [ '1.5.307' ],
16 silly audit   emojibase: [ '17.0.0' ],
16 silly audit   'emojibase-data': [ '17.0.0' ],
16 silly audit   'emojis-list': [ '3.0.0' ],
16 silly audit   encodeurl: [ '2.0.0' ],
16 silly audit   'enhanced-resolve': [ '5.20.0' ],
16 silly audit   envinfo: [ '7.21.0' ],
16 silly audit   'es-define-property': [ '1.0.1' ],
16 silly audit   'es-errors': [ '1.3.0' ],
16 silly audit   'es-module-lexer': [ '2.0.0' ],
16 silly audit   'es-object-atoms': [ '1.1.1' ],
16 silly audit   esbuild: [ '0.27.3' ],
16 silly audit   'esbuild-loader': [ '4.4.2' ],
16 silly audit   'webpack-sources': [ '1.4.3', '3.3.4' ],
16 silly audit   escalade: [ '3.2.0' ],
16 silly audit   'escape-html': [ '1.0.3' ],
16 silly audit   'escape-string-regexp': [ '4.0.0' ],
16 silly audit   eslint: [ '9.39.3' ],
16 silly audit   'eslint-plugin-vue': [ '10.8.0' ],
16 silly audit   'eslint-scope': [ '8.4.0', '5.1.1' ],
16 silly audit   espree: [ '10.4.0' ],
16 silly audit   esquery: [ '1.7.0' ],
16 silly audit   esrecurse: [ '4.3.0' ],
16 silly audit   estraverse: [ '5.3.0', '4.3.0' ],
16 silly audit   'estree-walker': [ '2.0.2' ],
16 silly audit   esutils: [ '2.0.3' ],
16 silly audit   etag: [ '1.8.1' ],
16 silly audit   eventemitter3: [ '4.0.7' ],
16 silly audit   events: [ '3.3.0' ],
16 silly audit   execa: [ '5.1.1' ],
16 silly audit   express: [ '4.22.1' ],
16 silly audit   cookie: [ '0.7.2' ],
16 silly audit   'path-to-regexp': [ '0.1.12', '3.3.0' ],
16 silly audit   'range-parser': [ '1.2.1', '1.2.0' ],
16 silly audit   'fast-deep-equal': [ '3.1.3' ],
16 silly audit   'fast-json-stable-stringify': [ '2.1.0' ],
16 silly audit   'fast-levenshtein': [ '2.0.6' ],
16 silly audit   'fast-uri': [ '3.1.0' ],
16 silly audit   'fastest-levenshtein': [ '1.0.16' ],
16 silly audit   'faye-websocket': [ '0.11.4' ],
16 silly audit   fdir: [ '6.5.0' ],
16 silly audit   'file-entry-cache': [ '8.0.0' ],
16 silly audit   'fill-range': [ '7.1.1' ],
16 silly audit   finalhandler: [ '1.3.2' ],
16 silly audit   'find-up': [ '5.0.0', '4.1.0' ],
16 silly audit   flat: [ '5.0.2' ],
16 silly audit   'flat-cache': [ '4.0.1' ],
16 silly audit   flatted: [ '3.3.4' ],
16 silly audit   'follow-redirects': [ '1.15.11' ],
16 silly audit   forwarded: [ '0.2.0' ],
16 silly audit   fresh: [ '0.5.2' ],
16 silly audit   fsevents: [ '2.3.3' ],
16 silly audit   'function-bind': [ '1.1.2' ],
16 silly audit   'get-intrinsic': [ '1.3.0' ],
16 silly audit   'get-proto': [ '1.0.1' ],
16 silly audit   'get-stream': [ '6.0.1' ],
16 silly audit   'get-tsconfig': [ '4.13.6' ],
16 silly audit   'glob-to-regex.js': [ '1.2.0' ],
16 silly audit   'glob-to-regexp': [ '0.4.1' ],
16 silly audit   gopd: [ '1.2.0' ],
16 silly audit   'graceful-fs': [ '4.2.11' ],
16 silly audit   'handle-thing': [ '2.0.1' ],
16 silly audit   'has-flag': [ '4.0.0' ],
16 silly audit   'has-symbols': [ '1.1.0' ],
16 silly audit   'hash-sum': [ '2.0.0' ],
16 silly audit   hasown: [ '2.0.2' ],
16 silly audit   he: [ '1.2.0' ],
16 silly audit   'hpack.js': [ '2.1.6' ],
16 silly audit   'readable-stream': [ '2.3.8', '3.6.2' ],
16 silly audit   'safe-buffer': [ '5.1.2', '5.2.1' ],
16 silly audit   string_decoder: [ '1.1.1', '1.3.0' ],
16 silly audit   'html-minifier-terser': [ '6.1.0' ],
16 silly audit   'html-webpack-plugin': [ '5.6.6' ],
16 silly audit   htmlparser2: [ '6.1.0' ],
16 silly audit   'http-deceiver': [ '1.2.7' ],
16 silly audit   'http-errors': [ '2.0.1', '1.8.1' ],
16 silly audit   'http-parser-js': [ '0.5.10' ],
16 silly audit   'http-proxy': [ '1.18.1' ],
16 silly audit   'http-proxy-middleware': [ '2.0.9' ],
16 silly audit   'human-signals': [ '2.1.0' ],
16 silly audit   hyperdyperid: [ '1.2.0' ],
16 silly audit   'iconv-lite': [ '0.4.24' ],
16 silly audit   'icss-utils': [ '5.1.0' ],
16 silly audit   'import-fresh': [ '3.3.1' ],
16 silly audit   'import-local': [ '3.2.0' ],
16 silly audit   imurmurhash: [ '0.1.4' ],
16 silly audit   inherits: [ '2.0.4' ],
16 silly audit   ini: [ '1.3.8' ],
16 silly audit   interpret: [ '3.1.1' ],
16 silly audit   'ipaddr.js': [ '2.3.0', '1.9.1' ],
16 silly audit   'is-binary-path': [ '2.1.0' ],
16 silly audit   'is-core-module': [ '2.16.1' ],
16 silly audit   'is-docker': [ '2.2.1', '3.0.0' ],
16 silly audit   'is-extglob': [ '2.1.1' ],
16 silly audit   'is-fullwidth-code-point': [ '3.0.0' ],
16 silly audit   'is-glob': [ '4.0.3' ],
16 silly audit   'is-inside-container': [ '1.0.0' ],
16 silly audit   'is-network-error': [ '1.3.1' ],
16 silly audit   'is-number': [ '7.0.0' ],
16 silly audit   'is-plain-obj': [ '3.0.0' ],
16 silly audit   'is-plain-object': [ '2.0.4' ],
16 silly audit   'is-port-reachable': [ '4.0.0' ],
16 silly audit   'is-stream': [ '2.0.1' ],
16 silly audit   'is-wsl': [ '2.2.0', '3.1.1' ],
16 silly audit   isarray: [ '1.0.0' ],
16 silly audit   isexe: [ '2.0.0' ],
16 silly audit   isobject: [ '3.0.1' ],
16 silly audit   'jest-worker': [ '27.5.1' ],
16 silly audit   'supports-color': [ '8.1.1', '7.2.0' ],
16 silly audit   'js-yaml': [ '4.1.1' ],
16 silly audit   'json-buffer': [ '3.0.1' ],
16 silly audit   'json-parse-even-better-errors': [ '2.3.1' ],
16 silly audit   'json-stable-stringify-without-jsonify': [ '1.0.1' ],
16 silly audit   json5: [ '2.2.3' ],
16 silly audit   keyv: [ '4.5.4' ],
16 silly audit   'kind-of': [ '6.0.3' ],
16 silly audit   'launch-editor': [ '2.13.1' ],
16 silly audit   levn: [ '0.4.1' ],
16 silly audit   'loader-runner': [ '4.3.1' ],
16 silly audit   'loader-utils': [ '2.0.4' ],
16 silly audit   loadjs: [ '4.3.0' ],
16 silly audit   'locate-path': [ '6.0.0', '5.0.0' ],
16 silly audit   lodash: [ '4.17.23' ],
16 silly audit   'lodash.merge': [ '4.6.2' ],
16 silly audit   'lower-case': [ '2.0.2' ],
16 silly audit   'magic-string': [ '0.30.21' ],
16 silly audit   'math-intrinsics': [ '1.1.0' ],
16 silly audit   'media-typer': [ '0.3.0' ],
16 silly audit   memfs: [ '4.56.11' ],
16 silly audit   'merge-descriptors': [ '1.0.3' ],
16 silly audit   'merge-stream': [ '2.0.0' ],
16 silly audit   methods: [ '1.1.2' ],
16 silly audit   micromatch: [ '4.0.8' ],
16 silly audit   mime: [ '1.6.0' ],
16 silly audit   'mimic-fn': [ '2.1.0' ],
16 silly audit   'minimalistic-assert': [ '1.0.1' ],
16 silly audit   minimist: [ '1.2.8' ],
16 silly audit   'multicast-dns': [ '7.2.5' ],
16 silly audit   nanoid: [ '3.3.11' ],
16 silly audit   'natural-compare': [ '1.4.0' ],
16 silly audit   'neo-async': [ '2.6.2' ],
16 silly audit   'no-case': [ '3.0.4' ],
16 silly audit   'node-releases': [ '2.0.36' ],
16 silly audit   'normalize-path': [ '3.0.0' ],
16 silly audit   'npm-run-path': [ '4.0.1' ],
16 silly audit   'nth-check': [ '2.1.1' ],
16 silly audit   'object-inspect': [ '1.13.4' ],
16 silly audit   obuf: [ '1.1.2' ],
16 silly audit   'on-finished': [ '2.4.1' ],
16 silly audit   'on-headers': [ '1.1.0' ],
16 silly audit   onetime: [ '5.1.2' ],
16 silly audit   open: [ '10.2.0' ],
16 silly audit   optionator: [ '0.9.4' ],
16 silly audit   'p-limit': [ '3.1.0', '2.3.0' ],
16 silly audit   'p-locate': [ '5.0.0', '4.1.0' ],
16 silly audit   'p-retry': [ '6.2.1' ],
16 silly audit   'p-try': [ '2.2.0' ],
16 silly audit   'param-case': [ '3.0.4' ],
16 silly audit   'parent-module': [ '1.0.1' ],
16 silly audit   parseurl: [ '1.3.3' ],
16 silly audit   'pascal-case': [ '3.1.2' ],
16 silly audit   'path-exists': [ '4.0.0' ],
16 silly audit   'path-is-inside': [ '1.0.2' ],
16 silly audit   'path-key': [ '3.1.1' ],
16 silly audit   'path-parse': [ '1.0.7' ],
16 silly audit   picocolors: [ '1.1.1' ],
16 silly audit   'pkg-dir': [ '4.2.0' ],
16 silly audit   pkijs: [ '3.3.3' ],
16 silly audit   plyr: [ '3.8.4' ],
16 silly audit   postcss: [ '8.5.8' ],
16 silly audit   'postcss-modules-extract-imports': [ '3.1.0' ],
16 silly audit   'postcss-modules-local-by-default': [ '4.2.0' ],
16 silly audit   'postcss-modules-scope': [ '3.2.1' ],
16 silly audit   'postcss-modules-values': [ '4.0.0' ],
16 silly audit   'postcss-selector-parser': [ '7.1.1' ],
16 silly audit   'postcss-value-parser': [ '4.2.0' ],
16 silly audit   'prelude-ls': [ '1.2.1' ],
16 silly audit   'pretty-error': [ '4.0.0' ],
16 silly audit   'process-nextick-args': [ '2.0.1' ],
16 silly audit   'proxy-addr': [ '2.0.7' ],
16 silly audit   punycode: [ '2.3.1' ],
16 silly audit   pvtsutils: [ '1.3.6' ],
16 silly audit   pvutils: [ '1.1.5' ],
16 silly audit   qs: [ '6.14.2' ],
16 silly audit   rangetouch: [ '2.0.1' ],
16 silly audit   'raw-body': [ '2.5.3' ],
16 silly audit   rc: [ '1.2.8' ],
16 silly audit   'strip-json-comments': [ '2.0.1', '3.1.1' ],
16 silly audit   readdirp: [ '3.6.0' ],
16 silly audit   rechoir: [ '0.8.0' ],
16 silly audit   'reflect-metadata': [ '0.2.2' ],
16 silly audit   'registry-auth-token': [ '3.3.2' ],
16 silly audit   'registry-url': [ '3.1.0' ],
16 silly audit   relateurl: [ '0.2.7' ],
16 silly audit   renderkid: [ '3.0.0' ],
16 silly audit   'require-from-string': [ '2.0.2' ],
16 silly audit   'requires-port': [ '1.0.0' ],
16 silly audit   resolve: [ '1.22.11' ],
16 silly audit   'resolve-cwd': [ '3.0.0' ],
16 silly audit   'resolve-from': [ '5.0.0', '4.0.0' ],
16 silly audit   'resolve-pkg-maps': [ '1.0.0' ],
16 silly audit   retry: [ '0.13.1' ],
16 silly audit   'run-applescript': [ '7.1.0' ],
16 silly audit   'safer-buffer': [ '2.1.2' ],
16 silly audit   'schema-utils': [ '4.3.3' ],
16 silly audit   'ajv-keywords': [ '5.1.0' ],
16 silly audit   'select-hose': [ '2.0.0' ],
16 silly audit   selfsigned: [ '5.5.0' ],
16 silly audit   semver: [ '7.7.4' ],
16 silly audit   send: [ '0.19.2' ],
16 silly audit   'serialize-javascript': [ '7.0.4' ],
16 silly audit   serve: [ '14.2.6' ],
16 silly audit   'serve-handler': [ '6.1.7' ],
16 silly audit   'serve-index': [ '1.9.2' ],
16 silly audit   statuses: [ '1.5.0', '2.0.2' ],
16 silly audit   'serve-static': [ '1.16.3' ],
16 silly audit   setprototypeof: [ '1.2.0' ],
16 silly audit   'shallow-clone': [ '3.0.1' ],
16 silly audit   'shebang-command': [ '2.0.0' ],
16 silly audit   'shebang-regex': [ '3.0.0' ],
16 silly audit   'shell-quote': [ '1.8.3' ],
16 silly audit   'side-channel': [ '1.1.0' ],
16 silly audit   'side-channel-list': [ '1.0.0' ],
16 silly audit   'side-channel-map': [ '1.0.1' ],
16 silly audit   'side-channel-weakmap': [ '1.0.2' ],
16 silly audit   'signal-exit': [ '3.0.7' ],
16 silly audit   sockjs: [ '0.3.24' ],
16 silly audit   'source-list-map': [ '2.0.1' ],
16 silly audit   'source-map': [ '0.6.1', '0.7.6' ],
16 silly audit   'source-map-js': [ '1.2.1' ],
16 silly audit   'source-map-support': [ '0.5.21' ],
16 silly audit   spdy: [ '4.0.2' ],
16 silly audit   'spdy-transport': [ '3.0.0' ],
16 silly audit   'strip-ansi': [ '7.2.0', '6.0.1' ],
16 silly audit   'strip-final-newline': [ '2.0.0' ],
16 silly audit   'style-loader': [ '4.0.0' ],
16 silly audit   'supports-preserve-symlinks-flag': [ '1.0.0' ],
16 silly audit   tapable: [ '2.3.0' ],
16 silly audit   terser: [ '5.46.0' ],
16 silly audit   'terser-webpack-plugin': [ '5.3.17' ],
16 silly audit   thingies: [ '2.5.0' ],
16 silly audit   thunky: [ '1.1.0' ],
16 silly audit   tinyglobby: [ '0.2.15' ],
16 silly audit   'to-regex-range': [ '5.0.1' ],
16 silly audit   toidentifier: [ '1.0.1' ],
16 silly audit   'tree-dump': [ '1.1.0' ],
16 silly audit   'ts-api-utils': [ '2.4.0' ],
16 silly audit   'ts-loader': [ '9.5.4' ],
16 silly audit   tslib: [ '2.8.1', '1.14.1' ],
16 silly audit   tsyringe: [ '4.10.0' ],
16 silly audit   'type-check': [ '0.4.0' ],
16 silly audit   'type-fest': [ '2.19.0' ],
16 silly audit   'type-is': [ '1.6.18' ],
16 silly audit   typescript: [ '5.9.3' ],
16 silly audit   'typescript-eslint': [ '8.56.1' ],
16 silly audit   'undici-types': [ '7.16.0' ],
16 silly audit   unpipe: [ '1.0.0' ],
16 silly audit   'update-browserslist-db': [ '1.2.3' ],
16 silly audit   'update-check': [ '1.5.4' ],
16 silly audit   'uri-js': [ '4.4.1' ],
16 silly audit   'url-polyfill': [ '1.1.14' ],
16 silly audit   'util-deprecate': [ '1.0.2' ],
16 silly audit   utila: [ '0.4.0' ],
16 silly audit   'utils-merge': [ '1.0.1' ],
16 silly audit   uuid: [ '8.3.2' ],
16 silly audit   vary: [ '1.1.2' ],
16 silly audit   vue: [ '3.5.29' ],
16 silly audit   'vue-eslint-parser': [ '10.4.0' ],
16 silly audit   'vue-loader': [ '17.4.2' ],
16 silly audit   'vue-router': [ '4.6.4' ],
16 silly audit   vuetify: [ '4.0.1' ],
16 silly audit   watchpack: [ '2.5.1' ],
16 silly audit   wbuf: [ '1.7.3' ],
16 silly audit   webpack: [ '5.105.4' ],
16 silly audit   'webpack-cli': [ '6.0.1' ],
16 silly audit   'webpack-dev-middleware': [ '7.4.5' ],
16 silly audit   'webpack-dev-server': [ '5.2.3' ],
16 silly audit   'webpack-merge': [ '6.0.1' ],
16 silly audit   'websocket-driver': [ '0.7.4' ],
16 silly audit   'websocket-extensions': [ '0.1.4' ],
16 silly audit   which: [ '2.0.2' ],
16 silly audit   'widest-line': [ '4.0.1' ],
16 silly audit   wildcard: [ '2.0.1' ],
16 silly audit   'word-wrap': [ '1.2.5' ],
16 silly audit   'wrap-ansi': [ '8.1.0' ],
16 silly audit   ws: [ '8.18.3' ],
16 silly audit   'wsl-utils': [ '0.1.0' ],
16 silly audit   'xml-name-validator': [ '4.0.0' ],
16 silly audit   'yocto-queue': [ '0.1.0' ]
16 silly audit }
17 http fetch POST 200 https://registry.npmjs.org/-/npm/v1/security/advisories/bulk 623ms
18 silly audit report {}
19 verbose cwd C:\Users\Ernela\Projects\combox-app-vue
20 verbose os Windows_NT 10.0.19044
21 verbose node v24.13.1
22 verbose npm  v11.8.0
23 verbose exit 0
24 info ok
